<?xml version="1.0" encoding="UTF-8"?>
<testsuite name="autotests.tests.duckController.DuckDeleteTest" tests="1" skipped="0" failures="0" errors="0" timestamp="2025-01-30T01:50:48" hostname="LAPTOP-UAQVM4S8" time="0.108">
  <properties/>
  <testcase name="deleteDuck[0](null)" classname="autotests.tests.duckController.DuckDeleteTest" time="0.108"/>
  <system-out><![CDATA[08:50:48,345 DEBUG   util.TypeConverter| Using type converter 'spring'
08:50:48,351 INFO  port.LoggingReporter| 
08:50:48,351 INFO  port.LoggingReporter| ------------------------------------------------------------------------
08:50:48,351 DEBUG port.LoggingReporter| STARTING TEST DuckDeleteTest.deleteDuck <autotests.tests.duckController>
08:50:48,351 INFO  port.LoggingReporter| 
08:50:48,351 DEBUG trus.DefaultTestCase| Initializing test case
08:50:48,351 DEBUG  context.TestContext| Setting variable: citrus.test.name with value: 'DuckDeleteTest.deleteDuck'
08:50:48,351 DEBUG  context.TestContext| Setting variable: citrus.test.package with value: 'autotests.tests.duckController'
08:50:48,351 DEBUG trus.DefaultTestCase| Initializing test parameter 'arg0' as variable
08:50:48,351 DEBUG  context.TestContext| Setting variable: arg0 with value: 'com.consol.citrus.DefaultTestCaseRunner@62ec4146'
08:50:48,351 DEBUG trus.DefaultTestCase| Test variables:
08:50:48,351 DEBUG trus.DefaultTestCase| citrus.test.package = autotests.tests.duckController
08:50:48,351 DEBUG trus.DefaultTestCase| arg0 = com.consol.citrus.DefaultTestCaseRunner@62ec4146
08:50:48,351 DEBUG trus.DefaultTestCase| citrus.test.name = DuckDeleteTest.deleteDuck
08:50:48,368 DEBUG  context.TestContext| Setting variable: duckId with value: '1698029379'
08:50:48,368 INFO  port.LoggingReporter| 
08:50:48,368 DEBUG port.LoggingReporter| TEST STEP 0: sql
08:50:48,368 DEBUG ons.ExecuteSQLAction| Executing SQL statement: insert into DUCK (id, color, height, material, sound, wings_state)
values (1698029379, 'yellow', 0.15, 'rubber', 'quack','ACTIVE')
08:50:48,370 INFO  ons.ExecuteSQLAction| SQL statement execution successful
08:50:48,371 INFO  port.LoggingReporter| 
08:50:48,371 DEBUG port.LoggingReporter| TEST STEP 0 SUCCESS
08:50:48,372 INFO  port.LoggingReporter| 
08:50:48,372 DEBUG port.LoggingReporter| TEST STEP 0: DuckDeleteTest$$Lambda$665/0x00000001005ae840
08:50:48,372 INFO  port.LoggingReporter| 
08:50:48,372 DEBUG port.LoggingReporter| TEST STEP 0 SUCCESS
08:50:48,372 INFO  port.LoggingReporter| 
08:50:48,372 DEBUG port.LoggingReporter| TEST STEP 0: send
08:50:48,373 DEBUG ltCorrelationManager| Saving correlation key for 'citrus_message_correlator_yellowDuckService'
08:50:48,373 DEBUG  context.TestContext| Setting variable: citrus_message_correlator_yellowDuckService with value: 'citrus_message_id = 'd256b5ea-6b77-4d8d-a559-a4d8584c83fe''
08:50:48,373 DEBUG  context.TestContext| Setting variable: citrus_message_replyTo_citrus_message_correlator_yellowDuckService with value: 'http://localhost:2222/api/duck/delete?id=1698029379'
08:50:48,373 INFO     client.HttpClient| Sending HTTP message to: 'http://localhost:2222/api/duck/delete?id=1698029379'
08:50:48,373 DEBUG    client.HttpClient| Message to send:

08:50:48,375 DEBUG ingClientInterceptor| Sending Http request message
08:50:48,375 DEBUG   util.TypeConverter| Using type converter 'spring'
08:50:48,389 DEBUG ingClientInterceptor| Received Http response message
08:50:48,390 DEBUG   util.TypeConverter| Using type converter 'spring'
08:50:48,392 INFO     client.HttpClient| HTTP message was sent to endpoint: 'http://localhost:2222/api/duck/delete?id=1698029379'
08:50:48,393 DEBUG ltCorrelationManager| Saving correlated object for 'citrus_message_id = 'd256b5ea-6b77-4d8d-a559-a4d8584c83fe''
08:50:48,393 INFO  port.LoggingReporter| 
08:50:48,393 DEBUG port.LoggingReporter| TEST STEP 0 SUCCESS
08:50:48,394 DEBUG       util.FileUtils| Reading file resource: 'successfulDelete.json' (encoding is 'windows-1251')
08:50:48,395 INFO  port.LoggingReporter| 
08:50:48,395 DEBUG port.LoggingReporter| TEST STEP 0: receive
08:50:48,395 DEBUG ngCorrelationManager| Get correlation key for 'citrus_message_correlator_yellowDuckService'
08:50:48,395 DEBUG ltCorrelationManager| Finding correlated object for 'citrus_message_id = 'd256b5ea-6b77-4d8d-a559-a4d8584c83fe''
08:50:48,396 DEBUG ReceiveMessageAction| Received message:
HTTPMESSAGE [id: e35feaad-2229-41ae-80d4-7b17269a845e, payload: {
  "message": "Duck is deleted"
}][headers: {Transfer-Encoding=chunked, Connection=keep-alive, contentType=application/json, Date=1738201847000, citrus_message_id=e35feaad-2229-41ae-80d4-7b17269a845e, citrus_message_timestamp=1738201848393, Keep-Alive=timeout=60, Content-Type=application/json, citrus_http_status_code=200, citrus_http_reason_phrase=OK, citrus_http_version=HTTP/1.1}]
08:50:48,396 DEBUG ReceiveMessageAction| Control message:
HTTPMESSAGE [id: 155e47e4-2efd-434d-b021-41950d94dc3b, payload: {

  "message": "Duck is deleted"
}][headers: {citrus_message_id=155e47e4-2efd-434d-b021-41950d94dc3b, citrus_message_timestamp=1738201848394, citrus_http_reason_phrase=OK, citrus_http_status_code=200, Content-Type=application/json, citrus_message_type=XML}]
08:50:48,397 DEBUG ageValidatorRegistry| Found 3 message validators for message
08:50:48,397 DEBUG ssageHeaderValidator| Start message header validation ...
08:50:48,397 DEBUG faultHeaderValidator| Validating header element: citrus_http_reason_phrase='OK': OK.
08:50:48,397 DEBUG faultHeaderValidator| Validating header element: citrus_http_status_code='200': OK.
08:50:48,397 DEBUG faultHeaderValidator| Validating header element: Content-Type='application/json': OK.
08:50:48,397 INFO  ssageHeaderValidator| Message header validation successful: All values OK
08:50:48,397 DEBUG TextMessageValidator| Start JSON message validation ...
08:50:48,397 DEBUG JsonSchemaValidation| Starting Json schema validation ...
08:50:48,398 INFO  JsonSchemaValidation| Json schema validation successful: All values OK
08:50:48,398 DEBUG TextMessageValidator| Validation successful for JSON entry 'message' (Duck is deleted)
08:50:48,398 INFO  TextMessageValidator| JSON message validation successful: All values OK
08:50:48,398 INFO  port.LoggingReporter| 
08:50:48,398 DEBUG port.LoggingReporter| TEST STEP 0 SUCCESS
08:50:48,398 INFO  port.LoggingReporter| 
08:50:48,398 DEBUG port.LoggingReporter| TEST STEP 0: send
08:50:48,399 DEBUG ltCorrelationManager| Saving correlation key for 'citrus_message_correlator_yellowDuckService'
08:50:48,399 DEBUG  context.TestContext| Setting variable: citrus_message_correlator_yellowDuckService with value: 'citrus_message_id = '297694cc-112d-470a-9562-9b7dcded84d1''
08:50:48,399 DEBUG  context.TestContext| Setting variable: citrus_message_replyTo_citrus_message_correlator_yellowDuckService with value: 'http://localhost:2222/api/duck/getAllIds'
08:50:48,399 INFO     client.HttpClient| Sending HTTP message to: 'http://localhost:2222/api/duck/getAllIds'
08:50:48,399 DEBUG    client.HttpClient| Message to send:

08:50:48,399 DEBUG ingClientInterceptor| Sending Http request message
08:50:48,399 DEBUG   util.TypeConverter| Using type converter 'spring'
08:50:48,426 DEBUG ingClientInterceptor| Received Http response message
08:50:48,426 DEBUG   util.TypeConverter| Using type converter 'spring'
08:50:48,435 INFO     client.HttpClient| HTTP message was sent to endpoint: 'http://localhost:2222/api/duck/getAllIds'
08:50:48,436 DEBUG ltCorrelationManager| Saving correlated object for 'citrus_message_id = '297694cc-112d-470a-9562-9b7dcded84d1''
08:50:48,436 INFO  port.LoggingReporter| 
08:50:48,436 DEBUG port.LoggingReporter| TEST STEP 0 SUCCESS
08:50:48,436 INFO  port.LoggingReporter| 
08:50:48,436 DEBUG port.LoggingReporter| TEST STEP 0: receive
08:50:48,436 DEBUG ngCorrelationManager| Get correlation key for 'citrus_message_correlator_yellowDuckService'
08:50:48,436 DEBUG ltCorrelationManager| Finding correlated object for 'citrus_message_id = '297694cc-112d-470a-9562-9b7dcded84d1''
08:50:48,437 DEBUG ReceiveMessageAction| Received message:
HTTPMESSAGE [id: 379616ee-106a-4c9e-a4f0-0009ac882f94, payload: [
1,
3,
4,
5,
6,
13,
14,
15,
16,
18,
20,
21,
22,
23,
24,
25,
26,
28,
29,
30,
32,
33,
34,
35,
36,
37,
38,
39,
40,
42,
43,
44,
46,
47,
48,
49,
50,
51,
52,
53,
54,
56,
57,
58,
60,
61,
62,
63,
64,
65,
66,
67,
68,
70,
71,
72,
74,
75,
76,
77,
78,
79,
80,
81,
82,
84,
85,
86,
88,
89,
90,
91,
92,
93,
94,
95,
96,
97,
98,
99,
101,
102,
103,
104,
105,
106,
107,
108,
109,
110,
111,
113,
114,
115,
116,
117,
118,
119,
120,
121,
122,
123,
125,
126,
127,
128,
129,
130,
131,
132,
133,
134,
135,
137,
138,
139,
140,
141,
142,
143,
144,
145,
146,
147,
149,
150,
850893978
]][headers: {Transfer-Encoding=chunked, Connection=keep-alive, contentType=application/json, Date=1738201848000, citrus_message_id=379616ee-106a-4c9e-a4f0-0009ac882f94, citrus_message_timestamp=1738201848435, Keep-Alive=timeout=60, Content-Type=application/json, citrus_http_status_code=200, citrus_http_reason_phrase=OK, citrus_http_version=HTTP/1.1}]
08:50:48,438 DEBUG oadVariableExtractor| Reading path elements.
08:50:48,439 DEBUG athVariableExtractor| Reading JSON elements with JSONPath
08:50:48,440 DEBUG athVariableExtractor| Evaluating JSONPath expression: $
08:50:48,441 DEBUG  context.TestContext| Setting variable: body with value: '[1,3,4,5,6,13,14,15,16,18,20,21,22,23,24,25,26,28,29,30,32,33,34,35,36,37,38,39,40,42,43,44,46,47,48,49,50,51,52,53,54,56,57,58,60,61,62,63,64,65,66,67,68,70,71,72,74,75,76,77,78,79,80,81,82,84,85,86,88,89,90,91,92,93,94,95,96,97,98,99,101,102,103,104,105,106,107,108,109,110,111,113,114,115,116,117,118,119,120,121,122,123,125,126,127,128,129,130,131,132,133,134,135,137,138,139,140,141,142,143,144,145,146,147,149,150,850893978]'
08:50:48,443 DEBUG ReceiveMessageAction| Control message:
HTTPMESSAGE [id: 93ba8cc2-164c-4e15-934d-8ac6a43f46f3, payload: ][headers: {citrus_message_id=93ba8cc2-164c-4e15-934d-8ac6a43f46f3, citrus_message_timestamp=1738201848436, citrus_http_reason_phrase=OK, citrus_http_status_code=200, citrus_message_type=XML}]
08:50:48,445 DEBUG ageValidatorRegistry| Found 3 message validators for message
08:50:48,445 DEBUG ssageHeaderValidator| Start message header validation ...
08:50:48,446 DEBUG faultHeaderValidator| Validating header element: citrus_http_reason_phrase='OK': OK.
08:50:48,446 DEBUG faultHeaderValidator| Validating header element: citrus_http_status_code='200': OK.
08:50:48,446 INFO  ssageHeaderValidator| Message header validation successful: All values OK
08:50:48,447 DEBUG TextMessageValidator| Start JSON message validation ...
08:50:48,447 DEBUG JsonSchemaValidation| Starting Json schema validation ...
08:50:48,447 INFO  JsonSchemaValidation| Json schema validation successful: All values OK
08:50:48,447 DEBUG TextMessageValidator| Skip message payload validation as no control message was defined
08:50:48,447 INFO  port.LoggingReporter| 
08:50:48,447 DEBUG port.LoggingReporter| TEST STEP 0 SUCCESS
08:50:48,447 INFO  port.LoggingReporter| 
08:50:48,447 DEBUG port.LoggingReporter| TEST STEP 0: DuckActionsClient$$Lambda$667/0x00000001005ae040
08:50:48,448 INFO  port.LoggingReporter| 
08:50:48,448 DEBUG port.LoggingReporter| TEST STEP 0 SUCCESS
08:50:48,448 INFO  port.LoggingReporter| 
08:50:48,448 INFO  port.LoggingReporter| TEST SUCCESS DuckDeleteTest.deleteDuck (autotests.tests.duckController)
08:50:48,448 INFO  port.LoggingReporter| ------------------------------------------------------------------------
08:50:48,448 INFO  port.LoggingReporter| 
]]></system-out>
  <system-err><![CDATA[]]></system-err>
</testsuite>
