<?xml version="1.0" encoding="UTF-8"?>
<testsuite name="autotests.tests.DuckFlyTest" time="0.0" tests="3" errors="0" skipped="0" failures="0">
    <testcase name="DuckFlyTest.flyActiveWings" classname="autotests.tests.DuckFlyTest" time="0.0"/>
    <testcase name="DuckFlyTest.flyFixedWings" classname="autotests.tests.DuckFlyTest" time="0.0"/>
    <testcase name="DuckFlyTest.flyUndefinedWings" classname="autotests.tests.DuckFlyTest" time="0.0"/>
</testsuite>